[0.173s] DEBUG:colcon:Command line arguments: ['/usr/bin/colcon', 'build', '--symlink-install']
[0.173s] DEBUG:colcon:Parsed command line arguments: Namespace(log_base=None, log_level=None, verb_name='build', build_base='build', install_base='install', merge_install=False, symlink_install=True, test_result_base=None, continue_on_error=False, executor='parallel', parallel_workers=12, event_handlers=None, ignore_user_meta=False, metas=['./colcon.meta'], base_paths=['.'], packages_ignore=None, packages_ignore_regex=None, paths=None, packages_up_to=None, packages_up_to_regex=None, packages_above=None, packages_above_and_dependencies=None, packages_above_depth=None, packages_select_by_dep=None, packages_skip_by_dep=None, packages_skip_up_to=None, packages_select_build_failed=False, packages_skip_build_finished=False, packages_select_test_failures=False, packages_skip_test_passed=False, packages_select=None, packages_skip=None, packages_select_regex=None, packages_skip_regex=None, packages_start=None, packages_end=None, allow_overriding=[], cmake_args=None, cmake_target=None, cmake_target_skip_unavailable=False, cmake_clean_cache=False, cmake_clean_first=False, cmake_force_configure=False, ament_cmake_args=None, catkin_cmake_args=None, catkin_skip_building_tests=False, verb_parser=<colcon_defaults.argument_parser.defaults.DefaultArgumentsDecorator object at 0x710f77c4dc90>, verb_extension=<colcon_core.verb.build.BuildVerb object at 0x710f77c4d720>, main=<bound method BuildVerb.main of <colcon_core.verb.build.BuildVerb object at 0x710f77c4d720>>)
[0.569s] Level 1:colcon.colcon_core.package_discovery:discover_packages(colcon_meta) check parameters
[0.569s] Level 1:colcon.colcon_core.package_discovery:discover_packages(recursive) check parameters
[0.569s] Level 1:colcon.colcon_core.package_discovery:discover_packages(ignore) check parameters
[0.569s] Level 1:colcon.colcon_core.package_discovery:discover_packages(path) check parameters
[0.569s] Level 1:colcon.colcon_core.package_discovery:discover_packages(colcon_meta) discover
[0.569s] Level 1:colcon.colcon_core.package_discovery:discover_packages(recursive) discover
[0.570s] INFO:colcon.colcon_core.package_discovery:Crawling recursively for packages in '/home/varun/project_ws'
[0.570s] Level 1:colcon.colcon_core.package_identification:_identify(.) by extensions ['ignore', 'ignore_ament_install']
[0.570s] Level 1:colcon.colcon_core.package_identification:_identify(.) by extension 'ignore'
[0.570s] Level 1:colcon.colcon_core.package_identification:_identify(.) by extension 'ignore_ament_install'
[0.570s] Level 1:colcon.colcon_core.package_identification:_identify(.) by extensions ['colcon_pkg']
[0.570s] Level 1:colcon.colcon_core.package_identification:_identify(.) by extension 'colcon_pkg'
[0.570s] Level 1:colcon.colcon_core.package_identification:_identify(.) by extensions ['colcon_meta']
[0.570s] Level 1:colcon.colcon_core.package_identification:_identify(.) by extension 'colcon_meta'
[0.570s] Level 1:colcon.colcon_core.package_identification:_identify(.) by extensions ['ros']
[0.570s] Level 1:colcon.colcon_core.package_identification:_identify(.) by extension 'ros'
[0.598s] Level 1:colcon.colcon_core.package_identification:_identify(.) by extensions ['cmake', 'python']
[0.598s] Level 1:colcon.colcon_core.package_identification:_identify(.) by extension 'cmake'
[0.598s] Level 1:colcon.colcon_core.package_identification:_identify(.) by extension 'python'
[0.598s] Level 1:colcon.colcon_core.package_identification:_identify(.) by extensions ['python_setup_py']
[0.598s] Level 1:colcon.colcon_core.package_identification:_identify(.) by extension 'python_setup_py'
[0.598s] Level 1:colcon.colcon_core.package_identification:_identify(build) by extensions ['ignore', 'ignore_ament_install']
[0.598s] Level 1:colcon.colcon_core.package_identification:_identify(build) by extension 'ignore'
[0.598s] Level 1:colcon.colcon_core.package_identification:_identify(build) ignored
[0.598s] Level 1:colcon.colcon_core.package_identification:_identify(install) by extensions ['ignore', 'ignore_ament_install']
[0.598s] Level 1:colcon.colcon_core.package_identification:_identify(install) by extension 'ignore'
[0.599s] Level 1:colcon.colcon_core.package_identification:_identify(install) ignored
[0.599s] Level 1:colcon.colcon_core.package_identification:_identify(log) by extensions ['ignore', 'ignore_ament_install']
[0.599s] Level 1:colcon.colcon_core.package_identification:_identify(log) by extension 'ignore'
[0.599s] Level 1:colcon.colcon_core.package_identification:_identify(log) ignored
[0.599s] Level 1:colcon.colcon_core.package_identification:_identify(src) by extensions ['ignore', 'ignore_ament_install']
[0.599s] Level 1:colcon.colcon_core.package_identification:_identify(src) by extension 'ignore'
[0.599s] Level 1:colcon.colcon_core.package_identification:_identify(src) by extension 'ignore_ament_install'
[0.599s] Level 1:colcon.colcon_core.package_identification:_identify(src) by extensions ['colcon_pkg']
[0.599s] Level 1:colcon.colcon_core.package_identification:_identify(src) by extension 'colcon_pkg'
[0.599s] Level 1:colcon.colcon_core.package_identification:_identify(src) by extensions ['colcon_meta']
[0.599s] Level 1:colcon.colcon_core.package_identification:_identify(src) by extension 'colcon_meta'
[0.599s] Level 1:colcon.colcon_core.package_identification:_identify(src) by extensions ['ros']
[0.599s] Level 1:colcon.colcon_core.package_identification:_identify(src) by extension 'ros'
[0.600s] Level 1:colcon.colcon_core.package_identification:_identify(src) by extensions ['cmake', 'python']
[0.600s] Level 1:colcon.colcon_core.package_identification:_identify(src) by extension 'cmake'
[0.600s] Level 1:colcon.colcon_core.package_identification:_identify(src) by extension 'python'
[0.600s] Level 1:colcon.colcon_core.package_identification:_identify(src) by extensions ['python_setup_py']
[0.600s] Level 1:colcon.colcon_core.package_identification:_identify(src) by extension 'python_setup_py'
[0.600s] Level 1:colcon.colcon_core.package_identification:_identify(src/mobile_robot) by extensions ['ignore', 'ignore_ament_install']
[0.600s] Level 1:colcon.colcon_core.package_identification:_identify(src/mobile_robot) by extension 'ignore'
[0.600s] Level 1:colcon.colcon_core.package_identification:_identify(src/mobile_robot) by extension 'ignore_ament_install'
[0.600s] Level 1:colcon.colcon_core.package_identification:_identify(src/mobile_robot) by extensions ['colcon_pkg']
[0.600s] Level 1:colcon.colcon_core.package_identification:_identify(src/mobile_robot) by extension 'colcon_pkg'
[0.600s] Level 1:colcon.colcon_core.package_identification:_identify(src/mobile_robot) by extensions ['colcon_meta']
[0.600s] Level 1:colcon.colcon_core.package_identification:_identify(src/mobile_robot) by extension 'colcon_meta'
[0.600s] Level 1:colcon.colcon_core.package_identification:_identify(src/mobile_robot) by extensions ['ros']
[0.600s] Level 1:colcon.colcon_core.package_identification:_identify(src/mobile_robot) by extension 'ros'
[0.604s] DEBUG:colcon.colcon_core.package_identification:Package 'src/mobile_robot' with type 'ros.ament_cmake' and name 'mobile_robot'
[0.604s] Level 1:colcon.colcon_core.package_discovery:discover_packages(recursive) using defaults
[0.604s] Level 1:colcon.colcon_core.package_discovery:discover_packages(ignore) discover
[0.604s] Level 1:colcon.colcon_core.package_discovery:discover_packages(ignore) using defaults
[0.604s] Level 1:colcon.colcon_core.package_discovery:discover_packages(path) discover
[0.604s] Level 1:colcon.colcon_core.package_discovery:discover_packages(path) using defaults
[0.636s] Level 1:colcon.colcon_core.package_discovery:discover_packages(prefix_path) check parameters
[0.636s] Level 1:colcon.colcon_core.package_discovery:discover_packages(prefix_path) discover
[0.645s] DEBUG:colcon.colcon_installed_package_information.package_discovery:Found 5 installed packages in /home/varun/ros_robot/install
[0.646s] DEBUG:colcon.colcon_installed_package_information.package_discovery:Found 4 installed packages in /home/varun/robot_ws/install
[0.646s] DEBUG:colcon.colcon_installed_package_information.package_discovery:Found 5 installed packages in /home/varun/ros2workspace/install
[0.647s] DEBUG:colcon.colcon_installed_package_information.package_discovery:Found 2 installed packages in /home/varun/ros2_ws/install
[0.648s] DEBUG:colcon.colcon_installed_package_information.package_discovery:Found 3 installed packages in /home/varun/turtlebot3_ws/install
[0.648s] DEBUG:colcon.colcon_installed_package_information.package_discovery:Found 1 installed packages in /home/varun/project_ws/install
[0.651s] DEBUG:colcon.colcon_installed_package_information.package_discovery:Found 391 installed packages in /opt/ros/humble
[0.654s] Level 1:colcon.colcon_core.package_discovery:discover_packages(prefix_path) using defaults
[0.767s] Level 5:colcon.colcon_core.verb:set package 'mobile_robot' build argument 'cmake_args' from command line to 'None'
[0.767s] Level 5:colcon.colcon_core.verb:set package 'mobile_robot' build argument 'cmake_target' from command line to 'None'
[0.767s] Level 5:colcon.colcon_core.verb:set package 'mobile_robot' build argument 'cmake_target_skip_unavailable' from command line to 'False'
[0.767s] Level 5:colcon.colcon_core.verb:set package 'mobile_robot' build argument 'cmake_clean_cache' from command line to 'False'
[0.767s] Level 5:colcon.colcon_core.verb:set package 'mobile_robot' build argument 'cmake_clean_first' from command line to 'False'
[0.767s] Level 5:colcon.colcon_core.verb:set package 'mobile_robot' build argument 'cmake_force_configure' from command line to 'False'
[0.767s] Level 5:colcon.colcon_core.verb:set package 'mobile_robot' build argument 'ament_cmake_args' from command line to 'None'
[0.767s] Level 5:colcon.colcon_core.verb:set package 'mobile_robot' build argument 'catkin_cmake_args' from command line to 'None'
[0.767s] Level 5:colcon.colcon_core.verb:set package 'mobile_robot' build argument 'catkin_skip_building_tests' from command line to 'False'
[0.767s] DEBUG:colcon.colcon_core.verb:Building package 'mobile_robot' with the following arguments: {'ament_cmake_args': None, 'build_base': '/home/varun/project_ws/build/mobile_robot', 'catkin_cmake_args': None, 'catkin_skip_building_tests': False, 'cmake_args': None, 'cmake_clean_cache': False, 'cmake_clean_first': False, 'cmake_force_configure': False, 'cmake_target': None, 'cmake_target_skip_unavailable': False, 'install_base': '/home/varun/project_ws/install/mobile_robot', 'merge_install': False, 'path': '/home/varun/project_ws/src/mobile_robot', 'symlink_install': True, 'test_result_base': None}
[0.768s] INFO:colcon.colcon_core.executor:Executing jobs using 'parallel' executor
[0.769s] DEBUG:colcon.colcon_parallel_executor.executor.parallel:run_until_complete
[0.770s] INFO:colcon.colcon_ros.task.ament_cmake.build:Building ROS package in '/home/varun/project_ws/src/mobile_robot' with build type 'ament_cmake'
[0.770s] INFO:colcon.colcon_cmake.task.cmake.build:Building CMake package in '/home/varun/project_ws/src/mobile_robot'
[0.775s] INFO:colcon.colcon_core.plugin_system:Skipping extension 'colcon_core.shell.bat': Not used on non-Windows systems
[0.775s] INFO:colcon.colcon_core.shell:Skip shell extension 'powershell' for command environment: Not usable outside of PowerShell
[0.775s] DEBUG:colcon.colcon_core.shell:Skip shell extension 'dsv' for command environment
[0.793s] DEBUG:colcon.colcon_core.event_handler.log_command:Invoking command in '/home/varun/project_ws/build/mobile_robot': CMAKE_PREFIX_PATH=/home/varun/project_ws/install/mobile_robot:/home/varun/turtlebot3_ws/install/turtlebot3_simulations:/home/varun/turtlebot3_ws/install/turtlebot3_gazebo:/home/varun/turtlebot3_ws/install/turtlebot3_fake_node:/home/varun/ros2workspace/install/my_robot_bringup:/home/varun/ros2workspace/install/my_robot_interfaces:/home/varun/ros2workspace/install/my_pkgcpp:/home/varun/ros2workspace/install/turtlesim_catch_them_all:/home/varun/ros2workspace/install/my_pkgpy:/home/varun/ros2_ws/install/my_py_pkg:/opt/ros/humble:/home/varun/ros_robot/install/rrbot_description:/home/varun/ros_robot/install/robo_description:/home/varun/ros_robot/install/robo_bringup:/home/varun/robot_ws/install/robot_bringup:/home/varun/robot_ws/install/my_robot_bringupp:/home/varun/robot_ws/install/my_robot_bringup:/home/varun/robot_ws/install/my_robot_description:/home/varun/ros2_ws/install/my_cpp_pkg /usr/bin/cmake --build /home/varun/project_ws/build/mobile_robot -- -j12 -l12
[0.913s] DEBUG:colcon.colcon_core.event_handler.log_command:Invoked command in '/home/varun/project_ws/build/mobile_robot' returned '0': CMAKE_PREFIX_PATH=/home/varun/project_ws/install/mobile_robot:/home/varun/turtlebot3_ws/install/turtlebot3_simulations:/home/varun/turtlebot3_ws/install/turtlebot3_gazebo:/home/varun/turtlebot3_ws/install/turtlebot3_fake_node:/home/varun/ros2workspace/install/my_robot_bringup:/home/varun/ros2workspace/install/my_robot_interfaces:/home/varun/ros2workspace/install/my_pkgcpp:/home/varun/ros2workspace/install/turtlesim_catch_them_all:/home/varun/ros2workspace/install/my_pkgpy:/home/varun/ros2_ws/install/my_py_pkg:/opt/ros/humble:/home/varun/ros_robot/install/rrbot_description:/home/varun/ros_robot/install/robo_description:/home/varun/ros_robot/install/robo_bringup:/home/varun/robot_ws/install/robot_bringup:/home/varun/robot_ws/install/my_robot_bringupp:/home/varun/robot_ws/install/my_robot_bringup:/home/varun/robot_ws/install/my_robot_description:/home/varun/ros2_ws/install/my_cpp_pkg /usr/bin/cmake --build /home/varun/project_ws/build/mobile_robot -- -j12 -l12
[0.970s] DEBUG:colcon.colcon_core.event_handler.log_command:Invoking command in '/home/varun/project_ws/build/mobile_robot': CMAKE_PREFIX_PATH=/home/varun/project_ws/install/mobile_robot:/home/varun/turtlebot3_ws/install/turtlebot3_simulations:/home/varun/turtlebot3_ws/install/turtlebot3_gazebo:/home/varun/turtlebot3_ws/install/turtlebot3_fake_node:/home/varun/ros2workspace/install/my_robot_bringup:/home/varun/ros2workspace/install/my_robot_interfaces:/home/varun/ros2workspace/install/my_pkgcpp:/home/varun/ros2workspace/install/turtlesim_catch_them_all:/home/varun/ros2workspace/install/my_pkgpy:/home/varun/ros2_ws/install/my_py_pkg:/opt/ros/humble:/home/varun/ros_robot/install/rrbot_description:/home/varun/ros_robot/install/robo_description:/home/varun/ros_robot/install/robo_bringup:/home/varun/robot_ws/install/robot_bringup:/home/varun/robot_ws/install/my_robot_bringupp:/home/varun/robot_ws/install/my_robot_bringup:/home/varun/robot_ws/install/my_robot_description:/home/varun/ros2_ws/install/my_cpp_pkg /usr/bin/cmake --install /home/varun/project_ws/build/mobile_robot
[1.024s] Level 1:colcon.colcon_core.environment:create_environment_scripts_only(mobile_robot)
[1.025s] DEBUG:colcon.colcon_core.event_handler.log_command:Invoked command in '/home/varun/project_ws/build/mobile_robot' returned '0': CMAKE_PREFIX_PATH=/home/varun/project_ws/install/mobile_robot:/home/varun/turtlebot3_ws/install/turtlebot3_simulations:/home/varun/turtlebot3_ws/install/turtlebot3_gazebo:/home/varun/turtlebot3_ws/install/turtlebot3_fake_node:/home/varun/ros2workspace/install/my_robot_bringup:/home/varun/ros2workspace/install/my_robot_interfaces:/home/varun/ros2workspace/install/my_pkgcpp:/home/varun/ros2workspace/install/turtlesim_catch_them_all:/home/varun/ros2workspace/install/my_pkgpy:/home/varun/ros2_ws/install/my_py_pkg:/opt/ros/humble:/home/varun/ros_robot/install/rrbot_description:/home/varun/ros_robot/install/robo_description:/home/varun/ros_robot/install/robo_bringup:/home/varun/robot_ws/install/robot_bringup:/home/varun/robot_ws/install/my_robot_bringupp:/home/varun/robot_ws/install/my_robot_bringup:/home/varun/robot_ws/install/my_robot_description:/home/varun/ros2_ws/install/my_cpp_pkg /usr/bin/cmake --install /home/varun/project_ws/build/mobile_robot
[1.030s] Level 1:colcon.colcon_core.environment:checking '/home/varun/project_ws/install/mobile_robot' for CMake module files
[1.031s] Level 1:colcon.colcon_core.environment:checking '/home/varun/project_ws/install/mobile_robot' for CMake config files
[1.031s] Level 1:colcon.colcon_core.shell:create_environment_hook('mobile_robot', 'cmake_prefix_path')
[1.032s] INFO:colcon.colcon_core.shell:Creating environment hook '/home/varun/project_ws/install/mobile_robot/share/mobile_robot/hook/cmake_prefix_path.ps1'
[1.033s] INFO:colcon.colcon_core.shell:Creating environment descriptor '/home/varun/project_ws/install/mobile_robot/share/mobile_robot/hook/cmake_prefix_path.dsv'
[1.033s] INFO:colcon.colcon_core.shell:Creating environment hook '/home/varun/project_ws/install/mobile_robot/share/mobile_robot/hook/cmake_prefix_path.sh'
[1.034s] Level 1:colcon.colcon_core.environment:checking '/home/varun/project_ws/install/mobile_robot/bin'
[1.035s] Level 1:colcon.colcon_core.environment:checking '/home/varun/project_ws/install/mobile_robot/lib/pkgconfig/mobile_robot.pc'
[1.035s] Level 1:colcon.colcon_core.environment:checking '/home/varun/project_ws/install/mobile_robot/lib/python3.10/site-packages'
[1.035s] Level 1:colcon.colcon_core.environment:checking '/home/varun/project_ws/install/mobile_robot/bin'
[1.035s] INFO:colcon.colcon_core.shell:Creating package script '/home/varun/project_ws/install/mobile_robot/share/mobile_robot/package.ps1'
[1.036s] INFO:colcon.colcon_core.shell:Creating package descriptor '/home/varun/project_ws/install/mobile_robot/share/mobile_robot/package.dsv'
[1.037s] INFO:colcon.colcon_core.shell:Creating package script '/home/varun/project_ws/install/mobile_robot/share/mobile_robot/package.sh'
[1.038s] INFO:colcon.colcon_core.shell:Creating package script '/home/varun/project_ws/install/mobile_robot/share/mobile_robot/package.bash'
[1.039s] INFO:colcon.colcon_core.shell:Creating package script '/home/varun/project_ws/install/mobile_robot/share/mobile_robot/package.zsh'
[1.040s] Level 1:colcon.colcon_core.environment:create_file_with_runtime_dependencies(/home/varun/project_ws/install/mobile_robot/share/colcon-core/packages/mobile_robot)
[1.079s] Level 1:colcon.colcon_core.environment:create_environment_scripts_only(mobile_robot)
[1.080s] Level 1:colcon.colcon_core.environment:checking '/home/varun/project_ws/install/mobile_robot' for CMake module files
[1.080s] Level 1:colcon.colcon_core.environment:checking '/home/varun/project_ws/install/mobile_robot' for CMake config files
[1.081s] Level 1:colcon.colcon_core.shell:create_environment_hook('mobile_robot', 'cmake_prefix_path')
[1.081s] INFO:colcon.colcon_core.shell:Creating environment hook '/home/varun/project_ws/install/mobile_robot/share/mobile_robot/hook/cmake_prefix_path.ps1'
[1.082s] INFO:colcon.colcon_core.shell:Creating environment descriptor '/home/varun/project_ws/install/mobile_robot/share/mobile_robot/hook/cmake_prefix_path.dsv'
[1.082s] INFO:colcon.colcon_core.shell:Creating environment hook '/home/varun/project_ws/install/mobile_robot/share/mobile_robot/hook/cmake_prefix_path.sh'
[1.083s] Level 1:colcon.colcon_core.environment:checking '/home/varun/project_ws/install/mobile_robot/bin'
[1.083s] Level 1:colcon.colcon_core.environment:checking '/home/varun/project_ws/install/mobile_robot/lib/pkgconfig/mobile_robot.pc'
[1.083s] Level 1:colcon.colcon_core.environment:checking '/home/varun/project_ws/install/mobile_robot/lib/python3.10/site-packages'
[1.084s] Level 1:colcon.colcon_core.environment:checking '/home/varun/project_ws/install/mobile_robot/bin'
[1.084s] INFO:colcon.colcon_core.shell:Creating package script '/home/varun/project_ws/install/mobile_robot/share/mobile_robot/package.ps1'
[1.085s] INFO:colcon.colcon_core.shell:Creating package descriptor '/home/varun/project_ws/install/mobile_robot/share/mobile_robot/package.dsv'
[1.085s] INFO:colcon.colcon_core.shell:Creating package script '/home/varun/project_ws/install/mobile_robot/share/mobile_robot/package.sh'
[1.086s] INFO:colcon.colcon_core.shell:Creating package script '/home/varun/project_ws/install/mobile_robot/share/mobile_robot/package.bash'
[1.086s] INFO:colcon.colcon_core.shell:Creating package script '/home/varun/project_ws/install/mobile_robot/share/mobile_robot/package.zsh'
[1.086s] Level 1:colcon.colcon_core.environment:create_file_with_runtime_dependencies(/home/varun/project_ws/install/mobile_robot/share/colcon-core/packages/mobile_robot)
[1.087s] DEBUG:colcon.colcon_parallel_executor.executor.parallel:closing loop
[1.087s] DEBUG:colcon.colcon_parallel_executor.executor.parallel:loop closed
[1.087s] DEBUG:colcon.colcon_parallel_executor.executor.parallel:run_until_complete finished with '0'
[1.087s] DEBUG:colcon.colcon_core.event_reactor:joining thread
[1.098s] INFO:colcon.colcon_core.plugin_system:Skipping extension 'colcon_notification.desktop_notification.terminal_notifier': Not used on non-Darwin systems
[1.098s] INFO:colcon.colcon_core.plugin_system:Skipping extension 'colcon_notification.desktop_notification.win32': Not used on non-Windows systems
[1.098s] INFO:colcon.colcon_notification.desktop_notification:Sending desktop notification using 'notify2'
[1.113s] DEBUG:colcon.colcon_core.event_reactor:joined thread
[1.114s] INFO:colcon.colcon_core.shell:Creating prefix script '/home/varun/project_ws/install/local_setup.ps1'
[1.115s] INFO:colcon.colcon_core.shell:Creating prefix util module '/home/varun/project_ws/install/_local_setup_util_ps1.py'
[1.118s] INFO:colcon.colcon_core.shell:Creating prefix chain script '/home/varun/project_ws/install/setup.ps1'
[1.122s] INFO:colcon.colcon_core.shell:Creating prefix script '/home/varun/project_ws/install/local_setup.sh'
[1.123s] INFO:colcon.colcon_core.shell:Creating prefix util module '/home/varun/project_ws/install/_local_setup_util_sh.py'
[1.124s] INFO:colcon.colcon_core.shell:Creating prefix chain script '/home/varun/project_ws/install/setup.sh'
[1.127s] INFO:colcon.colcon_core.shell:Creating prefix script '/home/varun/project_ws/install/local_setup.bash'
[1.127s] INFO:colcon.colcon_core.shell:Creating prefix chain script '/home/varun/project_ws/install/setup.bash'
[1.130s] INFO:colcon.colcon_core.shell:Creating prefix script '/home/varun/project_ws/install/local_setup.zsh'
[1.131s] INFO:colcon.colcon_core.shell:Creating prefix chain script '/home/varun/project_ws/install/setup.zsh'
