[0.162s] DEBUG:colcon:Command line arguments: ['/usr/bin/colcon', 'build', '--symlink-install']
[0.162s] DEBUG:colcon:Parsed command line arguments: Namespace(log_base=None, log_level=None, verb_name='build', build_base='build', install_base='install', merge_install=False, symlink_install=True, test_result_base=None, continue_on_error=False, executor='parallel', parallel_workers=12, event_handlers=None, ignore_user_meta=False, metas=['./colcon.meta'], base_paths=['.'], packages_ignore=None, packages_ignore_regex=None, paths=None, packages_up_to=None, packages_up_to_regex=None, packages_above=None, packages_above_and_dependencies=None, packages_above_depth=None, packages_select_by_dep=None, packages_skip_by_dep=None, packages_skip_up_to=None, packages_select_build_failed=False, packages_skip_build_finished=False, packages_select_test_failures=False, packages_skip_test_passed=False, packages_select=None, packages_skip=None, packages_select_regex=None, packages_skip_regex=None, packages_start=None, packages_end=None, allow_overriding=[], cmake_args=None, cmake_target=None, cmake_target_skip_unavailable=False, cmake_clean_cache=False, cmake_clean_first=False, cmake_force_configure=False, ament_cmake_args=None, catkin_cmake_args=None, catkin_skip_building_tests=False, verb_parser=<colcon_defaults.argument_parser.defaults.DefaultArgumentsDecorator object at 0x7a69b5eb9ea0>, verb_extension=<colcon_core.verb.build.BuildVerb object at 0x7a69b5eb9990>, main=<bound method BuildVerb.main of <colcon_core.verb.build.BuildVerb object at 0x7a69b5eb9990>>)
[0.457s] Level 1:colcon.colcon_core.package_discovery:discover_packages(colcon_meta) check parameters
[0.457s] Level 1:colcon.colcon_core.package_discovery:discover_packages(recursive) check parameters
[0.457s] Level 1:colcon.colcon_core.package_discovery:discover_packages(ignore) check parameters
[0.457s] Level 1:colcon.colcon_core.package_discovery:discover_packages(path) check parameters
[0.457s] Level 1:colcon.colcon_core.package_discovery:discover_packages(colcon_meta) discover
[0.457s] Level 1:colcon.colcon_core.package_discovery:discover_packages(recursive) discover
[0.457s] INFO:colcon.colcon_core.package_discovery:Crawling recursively for packages in '/home/varun/project_ws'
[0.457s] Level 1:colcon.colcon_core.package_identification:_identify(.) by extensions ['ignore', 'ignore_ament_install']
[0.458s] Level 1:colcon.colcon_core.package_identification:_identify(.) by extension 'ignore'
[0.458s] Level 1:colcon.colcon_core.package_identification:_identify(.) by extension 'ignore_ament_install'
[0.458s] Level 1:colcon.colcon_core.package_identification:_identify(.) by extensions ['colcon_pkg']
[0.458s] Level 1:colcon.colcon_core.package_identification:_identify(.) by extension 'colcon_pkg'
[0.458s] Level 1:colcon.colcon_core.package_identification:_identify(.) by extensions ['colcon_meta']
[0.458s] Level 1:colcon.colcon_core.package_identification:_identify(.) by extension 'colcon_meta'
[0.458s] Level 1:colcon.colcon_core.package_identification:_identify(.) by extensions ['ros']
[0.458s] Level 1:colcon.colcon_core.package_identification:_identify(.) by extension 'ros'
[0.490s] Level 1:colcon.colcon_core.package_identification:_identify(.) by extensions ['cmake', 'python']
[0.490s] Level 1:colcon.colcon_core.package_identification:_identify(.) by extension 'cmake'
[0.490s] Level 1:colcon.colcon_core.package_identification:_identify(.) by extension 'python'
[0.490s] Level 1:colcon.colcon_core.package_identification:_identify(.) by extensions ['python_setup_py']
[0.490s] Level 1:colcon.colcon_core.package_identification:_identify(.) by extension 'python_setup_py'
[0.491s] Level 1:colcon.colcon_core.package_identification:_identify(build) by extensions ['ignore', 'ignore_ament_install']
[0.491s] Level 1:colcon.colcon_core.package_identification:_identify(build) by extension 'ignore'
[0.491s] Level 1:colcon.colcon_core.package_identification:_identify(build) ignored
[0.491s] Level 1:colcon.colcon_core.package_identification:_identify(install) by extensions ['ignore', 'ignore_ament_install']
[0.491s] Level 1:colcon.colcon_core.package_identification:_identify(install) by extension 'ignore'
[0.491s] Level 1:colcon.colcon_core.package_identification:_identify(install) ignored
[0.491s] Level 1:colcon.colcon_core.package_identification:_identify(log) by extensions ['ignore', 'ignore_ament_install']
[0.491s] Level 1:colcon.colcon_core.package_identification:_identify(log) by extension 'ignore'
[0.491s] Level 1:colcon.colcon_core.package_identification:_identify(log) ignored
[0.492s] Level 1:colcon.colcon_core.package_identification:_identify(src) by extensions ['ignore', 'ignore_ament_install']
[0.492s] Level 1:colcon.colcon_core.package_identification:_identify(src) by extension 'ignore'
[0.492s] Level 1:colcon.colcon_core.package_identification:_identify(src) by extension 'ignore_ament_install'
[0.492s] Level 1:colcon.colcon_core.package_identification:_identify(src) by extensions ['colcon_pkg']
[0.492s] Level 1:colcon.colcon_core.package_identification:_identify(src) by extension 'colcon_pkg'
[0.492s] Level 1:colcon.colcon_core.package_identification:_identify(src) by extensions ['colcon_meta']
[0.492s] Level 1:colcon.colcon_core.package_identification:_identify(src) by extension 'colcon_meta'
[0.492s] Level 1:colcon.colcon_core.package_identification:_identify(src) by extensions ['ros']
[0.492s] Level 1:colcon.colcon_core.package_identification:_identify(src) by extension 'ros'
[0.492s] Level 1:colcon.colcon_core.package_identification:_identify(src) by extensions ['cmake', 'python']
[0.492s] Level 1:colcon.colcon_core.package_identification:_identify(src) by extension 'cmake'
[0.492s] Level 1:colcon.colcon_core.package_identification:_identify(src) by extension 'python'
[0.492s] Level 1:colcon.colcon_core.package_identification:_identify(src) by extensions ['python_setup_py']
[0.492s] Level 1:colcon.colcon_core.package_identification:_identify(src) by extension 'python_setup_py'
[0.492s] Level 1:colcon.colcon_core.package_identification:_identify(src/mobile_robot) by extensions ['ignore', 'ignore_ament_install']
[0.493s] Level 1:colcon.colcon_core.package_identification:_identify(src/mobile_robot) by extension 'ignore'
[0.493s] Level 1:colcon.colcon_core.package_identification:_identify(src/mobile_robot) by extension 'ignore_ament_install'
[0.493s] Level 1:colcon.colcon_core.package_identification:_identify(src/mobile_robot) by extensions ['colcon_pkg']
[0.493s] Level 1:colcon.colcon_core.package_identification:_identify(src/mobile_robot) by extension 'colcon_pkg'
[0.493s] Level 1:colcon.colcon_core.package_identification:_identify(src/mobile_robot) by extensions ['colcon_meta']
[0.493s] Level 1:colcon.colcon_core.package_identification:_identify(src/mobile_robot) by extension 'colcon_meta'
[0.493s] Level 1:colcon.colcon_core.package_identification:_identify(src/mobile_robot) by extensions ['ros']
[0.493s] Level 1:colcon.colcon_core.package_identification:_identify(src/mobile_robot) by extension 'ros'
[0.496s] DEBUG:colcon.colcon_core.package_identification:Package 'src/mobile_robot' with type 'ros.ament_cmake' and name 'mobile_robot'
[0.496s] Level 1:colcon.colcon_core.package_discovery:discover_packages(recursive) using defaults
[0.496s] Level 1:colcon.colcon_core.package_discovery:discover_packages(ignore) discover
[0.496s] Level 1:colcon.colcon_core.package_discovery:discover_packages(ignore) using defaults
[0.496s] Level 1:colcon.colcon_core.package_discovery:discover_packages(path) discover
[0.496s] Level 1:colcon.colcon_core.package_discovery:discover_packages(path) using defaults
[0.520s] Level 1:colcon.colcon_core.package_discovery:discover_packages(prefix_path) check parameters
[0.520s] Level 1:colcon.colcon_core.package_discovery:discover_packages(prefix_path) discover
[0.526s] DEBUG:colcon.colcon_installed_package_information.package_discovery:Found 5 installed packages in /home/varun/ros_robot/install
[0.526s] DEBUG:colcon.colcon_installed_package_information.package_discovery:Found 4 installed packages in /home/varun/robot_ws/install
[0.527s] DEBUG:colcon.colcon_installed_package_information.package_discovery:Found 5 installed packages in /home/varun/ros2workspace/install
[0.527s] DEBUG:colcon.colcon_installed_package_information.package_discovery:Found 2 installed packages in /home/varun/ros2_ws/install
[0.528s] DEBUG:colcon.colcon_installed_package_information.package_discovery:Found 3 installed packages in /home/varun/turtlebot3_ws/install
[0.530s] DEBUG:colcon.colcon_installed_package_information.package_discovery:Found 387 installed packages in /opt/ros/humble
[0.533s] Level 1:colcon.colcon_core.package_discovery:discover_packages(prefix_path) using defaults
[0.592s] Level 5:colcon.colcon_core.verb:set package 'mobile_robot' build argument 'cmake_args' from command line to 'None'
[0.592s] Level 5:colcon.colcon_core.verb:set package 'mobile_robot' build argument 'cmake_target' from command line to 'None'
[0.592s] Level 5:colcon.colcon_core.verb:set package 'mobile_robot' build argument 'cmake_target_skip_unavailable' from command line to 'False'
[0.592s] Level 5:colcon.colcon_core.verb:set package 'mobile_robot' build argument 'cmake_clean_cache' from command line to 'False'
[0.592s] Level 5:colcon.colcon_core.verb:set package 'mobile_robot' build argument 'cmake_clean_first' from command line to 'False'
[0.592s] Level 5:colcon.colcon_core.verb:set package 'mobile_robot' build argument 'cmake_force_configure' from command line to 'False'
[0.592s] Level 5:colcon.colcon_core.verb:set package 'mobile_robot' build argument 'ament_cmake_args' from command line to 'None'
[0.592s] Level 5:colcon.colcon_core.verb:set package 'mobile_robot' build argument 'catkin_cmake_args' from command line to 'None'
[0.592s] Level 5:colcon.colcon_core.verb:set package 'mobile_robot' build argument 'catkin_skip_building_tests' from command line to 'False'
[0.592s] DEBUG:colcon.colcon_core.verb:Building package 'mobile_robot' with the following arguments: {'ament_cmake_args': None, 'build_base': '/home/varun/project_ws/build/mobile_robot', 'catkin_cmake_args': None, 'catkin_skip_building_tests': False, 'cmake_args': None, 'cmake_clean_cache': False, 'cmake_clean_first': False, 'cmake_force_configure': False, 'cmake_target': None, 'cmake_target_skip_unavailable': False, 'install_base': '/home/varun/project_ws/install/mobile_robot', 'merge_install': False, 'path': '/home/varun/project_ws/src/mobile_robot', 'symlink_install': True, 'test_result_base': None}
[0.593s] INFO:colcon.colcon_core.executor:Executing jobs using 'parallel' executor
[0.594s] DEBUG:colcon.colcon_parallel_executor.executor.parallel:run_until_complete
[0.594s] INFO:colcon.colcon_ros.task.ament_cmake.build:Building ROS package in '/home/varun/project_ws/src/mobile_robot' with build type 'ament_cmake'
[0.594s] INFO:colcon.colcon_cmake.task.cmake.build:Building CMake package in '/home/varun/project_ws/src/mobile_robot'
[0.599s] INFO:colcon.colcon_core.plugin_system:Skipping extension 'colcon_core.shell.bat': Not used on non-Windows systems
[0.599s] INFO:colcon.colcon_core.shell:Skip shell extension 'powershell' for command environment: Not usable outside of PowerShell
[0.599s] DEBUG:colcon.colcon_core.shell:Skip shell extension 'dsv' for command environment
[0.619s] DEBUG:colcon.colcon_core.event_handler.log_command:Invoking command in '/home/varun/project_ws/build/mobile_robot': CMAKE_PREFIX_PATH=/home/varun/turtlebot3_ws/install/turtlebot3_simulations:/home/varun/turtlebot3_ws/install/turtlebot3_gazebo:/home/varun/turtlebot3_ws/install/turtlebot3_fake_node:/home/varun/ros2workspace/install/my_robot_bringup:/home/varun/ros2workspace/install/my_robot_interfaces:/home/varun/ros2workspace/install/my_pkgcpp:/home/varun/ros2workspace/install/turtlesim_catch_them_all:/home/varun/ros2workspace/install/my_pkgpy:/home/varun/ros2_ws/install/my_py_pkg:/opt/ros/humble:/home/varun/ros_robot/install/rrbot_description:/home/varun/ros_robot/install/robo_description:/home/varun/ros_robot/install/robo_bringup:/home/varun/robot_ws/install/robot_bringup:/home/varun/robot_ws/install/my_robot_bringupp:/home/varun/robot_ws/install/my_robot_bringup:/home/varun/robot_ws/install/my_robot_description:/home/varun/ros2_ws/install/my_cpp_pkg /usr/bin/cmake /home/varun/project_ws/src/mobile_robot -DAMENT_CMAKE_SYMLINK_INSTALL=1 -DCMAKE_INSTALL_PREFIX=/home/varun/project_ws/install/mobile_robot
[0.937s] DEBUG:colcon.colcon_core.event_handler.log_command:Invoked command in '/home/varun/project_ws/build/mobile_robot' returned '0': CMAKE_PREFIX_PATH=/home/varun/turtlebot3_ws/install/turtlebot3_simulations:/home/varun/turtlebot3_ws/install/turtlebot3_gazebo:/home/varun/turtlebot3_ws/install/turtlebot3_fake_node:/home/varun/ros2workspace/install/my_robot_bringup:/home/varun/ros2workspace/install/my_robot_interfaces:/home/varun/ros2workspace/install/my_pkgcpp:/home/varun/ros2workspace/install/turtlesim_catch_them_all:/home/varun/ros2workspace/install/my_pkgpy:/home/varun/ros2_ws/install/my_py_pkg:/opt/ros/humble:/home/varun/ros_robot/install/rrbot_description:/home/varun/ros_robot/install/robo_description:/home/varun/ros_robot/install/robo_bringup:/home/varun/robot_ws/install/robot_bringup:/home/varun/robot_ws/install/my_robot_bringupp:/home/varun/robot_ws/install/my_robot_bringup:/home/varun/robot_ws/install/my_robot_description:/home/varun/ros2_ws/install/my_cpp_pkg /usr/bin/cmake /home/varun/project_ws/src/mobile_robot -DAMENT_CMAKE_SYMLINK_INSTALL=1 -DCMAKE_INSTALL_PREFIX=/home/varun/project_ws/install/mobile_robot
[0.941s] DEBUG:colcon.colcon_core.event_handler.log_command:Invoking command in '/home/varun/project_ws/build/mobile_robot': CMAKE_PREFIX_PATH=/home/varun/turtlebot3_ws/install/turtlebot3_simulations:/home/varun/turtlebot3_ws/install/turtlebot3_gazebo:/home/varun/turtlebot3_ws/install/turtlebot3_fake_node:/home/varun/ros2workspace/install/my_robot_bringup:/home/varun/ros2workspace/install/my_robot_interfaces:/home/varun/ros2workspace/install/my_pkgcpp:/home/varun/ros2workspace/install/turtlesim_catch_them_all:/home/varun/ros2workspace/install/my_pkgpy:/home/varun/ros2_ws/install/my_py_pkg:/opt/ros/humble:/home/varun/ros_robot/install/rrbot_description:/home/varun/ros_robot/install/robo_description:/home/varun/ros_robot/install/robo_bringup:/home/varun/robot_ws/install/robot_bringup:/home/varun/robot_ws/install/my_robot_bringupp:/home/varun/robot_ws/install/my_robot_bringup:/home/varun/robot_ws/install/my_robot_description:/home/varun/ros2_ws/install/my_cpp_pkg /usr/bin/cmake --build /home/varun/project_ws/build/mobile_robot -- -j12 -l12
[1.004s] DEBUG:colcon.colcon_core.event_handler.log_command:Invoked command in '/home/varun/project_ws/build/mobile_robot' returned '0': CMAKE_PREFIX_PATH=/home/varun/turtlebot3_ws/install/turtlebot3_simulations:/home/varun/turtlebot3_ws/install/turtlebot3_gazebo:/home/varun/turtlebot3_ws/install/turtlebot3_fake_node:/home/varun/ros2workspace/install/my_robot_bringup:/home/varun/ros2workspace/install/my_robot_interfaces:/home/varun/ros2workspace/install/my_pkgcpp:/home/varun/ros2workspace/install/turtlesim_catch_them_all:/home/varun/ros2workspace/install/my_pkgpy:/home/varun/ros2_ws/install/my_py_pkg:/opt/ros/humble:/home/varun/ros_robot/install/rrbot_description:/home/varun/ros_robot/install/robo_description:/home/varun/ros_robot/install/robo_bringup:/home/varun/robot_ws/install/robot_bringup:/home/varun/robot_ws/install/my_robot_bringupp:/home/varun/robot_ws/install/my_robot_bringup:/home/varun/robot_ws/install/my_robot_description:/home/varun/ros2_ws/install/my_cpp_pkg /usr/bin/cmake --build /home/varun/project_ws/build/mobile_robot -- -j12 -l12
[1.060s] DEBUG:colcon.colcon_core.event_handler.log_command:Invoking command in '/home/varun/project_ws/build/mobile_robot': CMAKE_PREFIX_PATH=/home/varun/turtlebot3_ws/install/turtlebot3_simulations:/home/varun/turtlebot3_ws/install/turtlebot3_gazebo:/home/varun/turtlebot3_ws/install/turtlebot3_fake_node:/home/varun/ros2workspace/install/my_robot_bringup:/home/varun/ros2workspace/install/my_robot_interfaces:/home/varun/ros2workspace/install/my_pkgcpp:/home/varun/ros2workspace/install/turtlesim_catch_them_all:/home/varun/ros2workspace/install/my_pkgpy:/home/varun/ros2_ws/install/my_py_pkg:/opt/ros/humble:/home/varun/ros_robot/install/rrbot_description:/home/varun/ros_robot/install/robo_description:/home/varun/ros_robot/install/robo_bringup:/home/varun/robot_ws/install/robot_bringup:/home/varun/robot_ws/install/my_robot_bringupp:/home/varun/robot_ws/install/my_robot_bringup:/home/varun/robot_ws/install/my_robot_description:/home/varun/ros2_ws/install/my_cpp_pkg /usr/bin/cmake --install /home/varun/project_ws/build/mobile_robot
[1.338s] Level 1:colcon.colcon_core.environment:create_environment_scripts_only(mobile_robot)
[1.339s] DEBUG:colcon.colcon_core.event_handler.log_command:Invoked command in '/home/varun/project_ws/build/mobile_robot' returned '0': CMAKE_PREFIX_PATH=/home/varun/turtlebot3_ws/install/turtlebot3_simulations:/home/varun/turtlebot3_ws/install/turtlebot3_gazebo:/home/varun/turtlebot3_ws/install/turtlebot3_fake_node:/home/varun/ros2workspace/install/my_robot_bringup:/home/varun/ros2workspace/install/my_robot_interfaces:/home/varun/ros2workspace/install/my_pkgcpp:/home/varun/ros2workspace/install/turtlesim_catch_them_all:/home/varun/ros2workspace/install/my_pkgpy:/home/varun/ros2_ws/install/my_py_pkg:/opt/ros/humble:/home/varun/ros_robot/install/rrbot_description:/home/varun/ros_robot/install/robo_description:/home/varun/ros_robot/install/robo_bringup:/home/varun/robot_ws/install/robot_bringup:/home/varun/robot_ws/install/my_robot_bringupp:/home/varun/robot_ws/install/my_robot_bringup:/home/varun/robot_ws/install/my_robot_description:/home/varun/ros2_ws/install/my_cpp_pkg /usr/bin/cmake --install /home/varun/project_ws/build/mobile_robot
[1.346s] Level 1:colcon.colcon_core.environment:checking '/home/varun/project_ws/install/mobile_robot' for CMake module files
[1.347s] Level 1:colcon.colcon_core.environment:checking '/home/varun/project_ws/install/mobile_robot' for CMake config files
[1.347s] Level 1:colcon.colcon_core.shell:create_environment_hook('mobile_robot', 'cmake_prefix_path')
[1.347s] INFO:colcon.colcon_core.shell:Creating environment hook '/home/varun/project_ws/install/mobile_robot/share/mobile_robot/hook/cmake_prefix_path.ps1'
[1.349s] INFO:colcon.colcon_core.shell:Creating environment descriptor '/home/varun/project_ws/install/mobile_robot/share/mobile_robot/hook/cmake_prefix_path.dsv'
[1.349s] INFO:colcon.colcon_core.shell:Creating environment hook '/home/varun/project_ws/install/mobile_robot/share/mobile_robot/hook/cmake_prefix_path.sh'
[1.351s] Level 1:colcon.colcon_core.environment:checking '/home/varun/project_ws/install/mobile_robot/bin'
[1.351s] Level 1:colcon.colcon_core.environment:checking '/home/varun/project_ws/install/mobile_robot/lib/pkgconfig/mobile_robot.pc'
[1.351s] Level 1:colcon.colcon_core.environment:checking '/home/varun/project_ws/install/mobile_robot/lib/python3.10/site-packages'
[1.351s] Level 1:colcon.colcon_core.environment:checking '/home/varun/project_ws/install/mobile_robot/bin'
[1.352s] INFO:colcon.colcon_core.shell:Creating package script '/home/varun/project_ws/install/mobile_robot/share/mobile_robot/package.ps1'
[1.353s] INFO:colcon.colcon_core.shell:Creating package descriptor '/home/varun/project_ws/install/mobile_robot/share/mobile_robot/package.dsv'
[1.353s] INFO:colcon.colcon_core.shell:Creating package script '/home/varun/project_ws/install/mobile_robot/share/mobile_robot/package.sh'
[1.354s] INFO:colcon.colcon_core.shell:Creating package script '/home/varun/project_ws/install/mobile_robot/share/mobile_robot/package.bash'
[1.355s] INFO:colcon.colcon_core.shell:Creating package script '/home/varun/project_ws/install/mobile_robot/share/mobile_robot/package.zsh'
[1.356s] Level 1:colcon.colcon_core.environment:create_file_with_runtime_dependencies(/home/varun/project_ws/install/mobile_robot/share/colcon-core/packages/mobile_robot)
[1.394s] Level 1:colcon.colcon_core.environment:create_environment_scripts_only(mobile_robot)
[1.394s] Level 1:colcon.colcon_core.environment:checking '/home/varun/project_ws/install/mobile_robot' for CMake module files
[1.395s] Level 1:colcon.colcon_core.environment:checking '/home/varun/project_ws/install/mobile_robot' for CMake config files
[1.396s] Level 1:colcon.colcon_core.shell:create_environment_hook('mobile_robot', 'cmake_prefix_path')
[1.396s] INFO:colcon.colcon_core.shell:Creating environment hook '/home/varun/project_ws/install/mobile_robot/share/mobile_robot/hook/cmake_prefix_path.ps1'
[1.396s] INFO:colcon.colcon_core.shell:Creating environment descriptor '/home/varun/project_ws/install/mobile_robot/share/mobile_robot/hook/cmake_prefix_path.dsv'
[1.397s] INFO:colcon.colcon_core.shell:Creating environment hook '/home/varun/project_ws/install/mobile_robot/share/mobile_robot/hook/cmake_prefix_path.sh'
[1.398s] Level 1:colcon.colcon_core.environment:checking '/home/varun/project_ws/install/mobile_robot/bin'
[1.398s] Level 1:colcon.colcon_core.environment:checking '/home/varun/project_ws/install/mobile_robot/lib/pkgconfig/mobile_robot.pc'
[1.398s] Level 1:colcon.colcon_core.environment:checking '/home/varun/project_ws/install/mobile_robot/lib/python3.10/site-packages'
[1.398s] Level 1:colcon.colcon_core.environment:checking '/home/varun/project_ws/install/mobile_robot/bin'
[1.398s] INFO:colcon.colcon_core.shell:Creating package script '/home/varun/project_ws/install/mobile_robot/share/mobile_robot/package.ps1'
[1.399s] INFO:colcon.colcon_core.shell:Creating package descriptor '/home/varun/project_ws/install/mobile_robot/share/mobile_robot/package.dsv'
[1.399s] INFO:colcon.colcon_core.shell:Creating package script '/home/varun/project_ws/install/mobile_robot/share/mobile_robot/package.sh'
[1.400s] INFO:colcon.colcon_core.shell:Creating package script '/home/varun/project_ws/install/mobile_robot/share/mobile_robot/package.bash'
[1.400s] INFO:colcon.colcon_core.shell:Creating package script '/home/varun/project_ws/install/mobile_robot/share/mobile_robot/package.zsh'
[1.401s] Level 1:colcon.colcon_core.environment:create_file_with_runtime_dependencies(/home/varun/project_ws/install/mobile_robot/share/colcon-core/packages/mobile_robot)
[1.401s] DEBUG:colcon.colcon_parallel_executor.executor.parallel:closing loop
[1.402s] DEBUG:colcon.colcon_parallel_executor.executor.parallel:loop closed
[1.402s] DEBUG:colcon.colcon_parallel_executor.executor.parallel:run_until_complete finished with '0'
[1.402s] DEBUG:colcon.colcon_core.event_reactor:joining thread
[1.412s] INFO:colcon.colcon_core.plugin_system:Skipping extension 'colcon_notification.desktop_notification.terminal_notifier': Not used on non-Darwin systems
[1.412s] INFO:colcon.colcon_core.plugin_system:Skipping extension 'colcon_notification.desktop_notification.win32': Not used on non-Windows systems
[1.412s] INFO:colcon.colcon_notification.desktop_notification:Sending desktop notification using 'notify2'
[1.431s] DEBUG:colcon.colcon_core.event_reactor:joined thread
[1.432s] INFO:colcon.colcon_core.shell:Creating prefix script '/home/varun/project_ws/install/local_setup.ps1'
[1.434s] INFO:colcon.colcon_core.shell:Creating prefix util module '/home/varun/project_ws/install/_local_setup_util_ps1.py'
[1.436s] INFO:colcon.colcon_core.shell:Creating prefix chain script '/home/varun/project_ws/install/setup.ps1'
[1.440s] INFO:colcon.colcon_core.shell:Creating prefix script '/home/varun/project_ws/install/local_setup.sh'
[1.442s] INFO:colcon.colcon_core.shell:Creating prefix util module '/home/varun/project_ws/install/_local_setup_util_sh.py'
[1.443s] INFO:colcon.colcon_core.shell:Creating prefix chain script '/home/varun/project_ws/install/setup.sh'
[1.445s] INFO:colcon.colcon_core.shell:Creating prefix script '/home/varun/project_ws/install/local_setup.bash'
[1.446s] INFO:colcon.colcon_core.shell:Creating prefix chain script '/home/varun/project_ws/install/setup.bash'
[1.449s] INFO:colcon.colcon_core.shell:Creating prefix script '/home/varun/project_ws/install/local_setup.zsh'
[1.450s] INFO:colcon.colcon_core.shell:Creating prefix chain script '/home/varun/project_ws/install/setup.zsh'
