[0.023s] Invoking command in '/home/varun/project_ws/build/mobile_robot': CMAKE_PREFIX_PATH=/home/varun/turtlebot3_ws/install/turtlebot3_simulations:/home/varun/turtlebot3_ws/install/turtlebot3_gazebo:/home/varun/turtlebot3_ws/install/turtlebot3_fake_node:/home/varun/ros2workspace/install/my_robot_bringup:/home/varun/ros2workspace/install/my_robot_interfaces:/home/varun/ros2workspace/install/my_pkgcpp:/home/varun/ros2workspace/install/turtlesim_catch_them_all:/home/varun/ros2workspace/install/my_pkgpy:/home/varun/ros2_ws/install/my_py_pkg:/opt/ros/humble:/home/varun/ros_robot/install/rrbot_description:/home/varun/ros_robot/install/robo_description:/home/varun/ros_robot/install/robo_bringup:/home/varun/robot_ws/install/robot_bringup:/home/varun/robot_ws/install/my_robot_bringupp:/home/varun/robot_ws/install/my_robot_bringup:/home/varun/robot_ws/install/my_robot_description:/home/varun/ros2_ws/install/my_cpp_pkg /usr/bin/cmake /home/varun/project_ws/src/mobile_robot -DAMENT_CMAKE_SYMLINK_INSTALL=1 -DCMAKE_INSTALL_PREFIX=/home/varun/project_ws/install/mobile_robot
[0.046s] -- Found ament_cmake: 1.3.8 (/opt/ros/humble/share/ament_cmake/cmake)
[0.219s] -- Override CMake install command with custom implementation using symlinks instead of copying resources
[0.332s] -- Configuring done
[0.336s] -- Generating done
[0.338s] -- Build files have been written to: /home/varun/project_ws/build/mobile_robot
[0.342s] Invoked command in '/home/varun/project_ws/build/mobile_robot' returned '0': CMAKE_PREFIX_PATH=/home/varun/turtlebot3_ws/install/turtlebot3_simulations:/home/varun/turtlebot3_ws/install/turtlebot3_gazebo:/home/varun/turtlebot3_ws/install/turtlebot3_fake_node:/home/varun/ros2workspace/install/my_robot_bringup:/home/varun/ros2workspace/install/my_robot_interfaces:/home/varun/ros2workspace/install/my_pkgcpp:/home/varun/ros2workspace/install/turtlesim_catch_them_all:/home/varun/ros2workspace/install/my_pkgpy:/home/varun/ros2_ws/install/my_py_pkg:/opt/ros/humble:/home/varun/ros_robot/install/rrbot_description:/home/varun/ros_robot/install/robo_description:/home/varun/ros_robot/install/robo_bringup:/home/varun/robot_ws/install/robot_bringup:/home/varun/robot_ws/install/my_robot_bringupp:/home/varun/robot_ws/install/my_robot_bringup:/home/varun/robot_ws/install/my_robot_description:/home/varun/ros2_ws/install/my_cpp_pkg /usr/bin/cmake /home/varun/project_ws/src/mobile_robot -DAMENT_CMAKE_SYMLINK_INSTALL=1 -DCMAKE_INSTALL_PREFIX=/home/varun/project_ws/install/mobile_robot
[0.345s] Invoking command in '/home/varun/project_ws/build/mobile_robot': CMAKE_PREFIX_PATH=/home/varun/turtlebot3_ws/install/turtlebot3_simulations:/home/varun/turtlebot3_ws/install/turtlebot3_gazebo:/home/varun/turtlebot3_ws/install/turtlebot3_fake_node:/home/varun/ros2workspace/install/my_robot_bringup:/home/varun/ros2workspace/install/my_robot_interfaces:/home/varun/ros2workspace/install/my_pkgcpp:/home/varun/ros2workspace/install/turtlesim_catch_them_all:/home/varun/ros2workspace/install/my_pkgpy:/home/varun/ros2_ws/install/my_py_pkg:/opt/ros/humble:/home/varun/ros_robot/install/rrbot_description:/home/varun/ros_robot/install/robo_description:/home/varun/ros_robot/install/robo_bringup:/home/varun/robot_ws/install/robot_bringup:/home/varun/robot_ws/install/my_robot_bringupp:/home/varun/robot_ws/install/my_robot_bringup:/home/varun/robot_ws/install/my_robot_description:/home/varun/ros2_ws/install/my_cpp_pkg /usr/bin/cmake --build /home/varun/project_ws/build/mobile_robot -- -j12 -l12
[0.408s] Invoked command in '/home/varun/project_ws/build/mobile_robot' returned '0': CMAKE_PREFIX_PATH=/home/varun/turtlebot3_ws/install/turtlebot3_simulations:/home/varun/turtlebot3_ws/install/turtlebot3_gazebo:/home/varun/turtlebot3_ws/install/turtlebot3_fake_node:/home/varun/ros2workspace/install/my_robot_bringup:/home/varun/ros2workspace/install/my_robot_interfaces:/home/varun/ros2workspace/install/my_pkgcpp:/home/varun/ros2workspace/install/turtlesim_catch_them_all:/home/varun/ros2workspace/install/my_pkgpy:/home/varun/ros2_ws/install/my_py_pkg:/opt/ros/humble:/home/varun/ros_robot/install/rrbot_description:/home/varun/ros_robot/install/robo_description:/home/varun/ros_robot/install/robo_bringup:/home/varun/robot_ws/install/robot_bringup:/home/varun/robot_ws/install/my_robot_bringupp:/home/varun/robot_ws/install/my_robot_bringup:/home/varun/robot_ws/install/my_robot_description:/home/varun/ros2_ws/install/my_cpp_pkg /usr/bin/cmake --build /home/varun/project_ws/build/mobile_robot -- -j12 -l12
[0.465s] Invoking command in '/home/varun/project_ws/build/mobile_robot': CMAKE_PREFIX_PATH=/home/varun/turtlebot3_ws/install/turtlebot3_simulations:/home/varun/turtlebot3_ws/install/turtlebot3_gazebo:/home/varun/turtlebot3_ws/install/turtlebot3_fake_node:/home/varun/ros2workspace/install/my_robot_bringup:/home/varun/ros2workspace/install/my_robot_interfaces:/home/varun/ros2workspace/install/my_pkgcpp:/home/varun/ros2workspace/install/turtlesim_catch_them_all:/home/varun/ros2workspace/install/my_pkgpy:/home/varun/ros2_ws/install/my_py_pkg:/opt/ros/humble:/home/varun/ros_robot/install/rrbot_description:/home/varun/ros_robot/install/robo_description:/home/varun/ros_robot/install/robo_bringup:/home/varun/robot_ws/install/robot_bringup:/home/varun/robot_ws/install/my_robot_bringupp:/home/varun/robot_ws/install/my_robot_bringup:/home/varun/robot_ws/install/my_robot_description:/home/varun/ros2_ws/install/my_cpp_pkg /usr/bin/cmake --install /home/varun/project_ws/build/mobile_robot
[0.476s] -- Install configuration: ""
[0.476s] -- Execute custom install script
[0.477s] -- Symlinking: /home/varun/project_ws/install/mobile_robot/share/mobile_robot//config/empty.yaml
[0.493s] -- Symlinking: /home/varun/project_ws/install/mobile_robot/share/mobile_robot//description/robot.urdf.xacro
[0.507s] -- Symlinking: /home/varun/project_ws/install/mobile_robot/share/mobile_robot//launch/rps.launch.py
[0.522s] -- Symlinking: /home/varun/project_ws/install/mobile_robot/share/mobile_robot//worlds/empty.world
[0.536s] -- Symlinking: /home/varun/project_ws/install/mobile_robot/share/ament_index/resource_index/package_run_dependencies/mobile_robot
[0.549s] -- Symlinking: /home/varun/project_ws/install/mobile_robot/share/ament_index/resource_index/parent_prefix_path/mobile_robot
[0.562s] -- Symlinking: /home/varun/project_ws/install/mobile_robot/share/mobile_robot/environment/ament_prefix_path.sh
[0.575s] -- Symlinking: /home/varun/project_ws/install/mobile_robot/share/mobile_robot/environment/ament_prefix_path.dsv
[0.588s] -- Symlinking: /home/varun/project_ws/install/mobile_robot/share/mobile_robot/environment/path.sh
[0.601s] -- Symlinking: /home/varun/project_ws/install/mobile_robot/share/mobile_robot/environment/path.dsv
[0.615s] -- Symlinking: /home/varun/project_ws/install/mobile_robot/share/mobile_robot/local_setup.bash
[0.629s] -- Symlinking: /home/varun/project_ws/install/mobile_robot/share/mobile_robot/local_setup.sh
[0.643s] -- Symlinking: /home/varun/project_ws/install/mobile_robot/share/mobile_robot/local_setup.zsh
[0.657s] -- Symlinking: /home/varun/project_ws/install/mobile_robot/share/mobile_robot/local_setup.dsv
[0.669s] -- Symlinking: /home/varun/project_ws/install/mobile_robot/share/mobile_robot/package.dsv
[0.683s] -- Symlinking: /home/varun/project_ws/install/mobile_robot/share/ament_index/resource_index/packages/mobile_robot
[0.698s] -- Symlinking: /home/varun/project_ws/install/mobile_robot/share/mobile_robot/cmake/mobile_robotConfig.cmake
[0.712s] -- Symlinking: /home/varun/project_ws/install/mobile_robot/share/mobile_robot/cmake/mobile_robotConfig-version.cmake
[0.726s] -- Symlinking: /home/varun/project_ws/install/mobile_robot/share/mobile_robot/package.xml
[0.744s] Invoked command in '/home/varun/project_ws/build/mobile_robot' returned '0': CMAKE_PREFIX_PATH=/home/varun/turtlebot3_ws/install/turtlebot3_simulations:/home/varun/turtlebot3_ws/install/turtlebot3_gazebo:/home/varun/turtlebot3_ws/install/turtlebot3_fake_node:/home/varun/ros2workspace/install/my_robot_bringup:/home/varun/ros2workspace/install/my_robot_interfaces:/home/varun/ros2workspace/install/my_pkgcpp:/home/varun/ros2workspace/install/turtlesim_catch_them_all:/home/varun/ros2workspace/install/my_pkgpy:/home/varun/ros2_ws/install/my_py_pkg:/opt/ros/humble:/home/varun/ros_robot/install/rrbot_description:/home/varun/ros_robot/install/robo_description:/home/varun/ros_robot/install/robo_bringup:/home/varun/robot_ws/install/robot_bringup:/home/varun/robot_ws/install/my_robot_bringupp:/home/varun/robot_ws/install/my_robot_bringup:/home/varun/robot_ws/install/my_robot_description:/home/varun/ros2_ws/install/my_cpp_pkg /usr/bin/cmake --install /home/varun/project_ws/build/mobile_robot
